[2022-04-25 02:05:41.590] [exthost] [info] Extension host with pid 995235 started
[2022-04-25 02:05:41.619] [exthost] [info] ExtensionService#_doActivateExtension vscode.debug-auto-launch, startup: true, activationEvent: '*'
[2022-04-25 02:05:41.622] [exthost] [info] ExtensionService#_doActivateExtension vscode.git-base, startup: true, activationEvent: '*', root cause: vscode.git
[2022-04-25 02:05:41.623] [exthost] [info] ExtensionService#_doActivateExtension vscode.ipynb, startup: true, activationEvent: '*'
[2022-04-25 02:05:41.625] [exthost] [info] ExtensionService#_doActivateExtension vscodevim.vim, startup: true, activationEvent: '*'
[2022-04-25 02:05:41.687] [exthost] [info] ExtensionService#_doActivateExtension vscode.git, startup: true, activationEvent: '*'
[2022-04-25 02:05:41.696] [exthost] [info] ExtensionService#_doActivateExtension vscode.github, startup: true, activationEvent: '*'
[2022-04-25 02:05:41.710] [exthost] [info] Eager extensions activated
[2022-04-25 02:05:41.716] [exthost] [info] ExtensionService#_doActivateExtension vscode.emmet, startup: false, activationEvent: 'onStartupFinished'
[2022-04-25 02:05:41.719] [exthost] [info] ExtensionService#_doActivateExtension vscode.merge-conflict, startup: false, activationEvent: 'onStartupFinished'
[2022-04-25 02:05:41.720] [exthost] [info] ExtensionService#_doActivateExtension zhuangtongfa.material-theme, startup: false, activationEvent: 'onStartupFinished'
[2022-04-25 02:06:44.906] [exthost] [info] extension host terminating: renderer closed the socket
[2022-04-25 02:06:44.914] [exthost] [info] Extension host with pid 995235 exiting with code 0
[2022-04-25 02:06:46.135] [exthost] [info] Extension host with pid 995987 started
[2022-04-25 02:06:46.135] [exthost] [info] Skipping acquiring lock for /home/zanciks/.config/VSCodium/User/workspaceStorage/6e6145a1d6a9da2255bedbec8e491ec8.
[2022-04-25 02:06:46.177] [exthost] [info] ExtensionService#_doActivateExtension vscode.debug-auto-launch, startup: true, activationEvent: '*'
[2022-04-25 02:06:46.179] [exthost] [info] ExtensionService#_doActivateExtension vscode.git-base, startup: true, activationEvent: '*', root cause: vscode.git
[2022-04-25 02:06:46.181] [exthost] [info] ExtensionService#_doActivateExtension vscode.ipynb, startup: true, activationEvent: '*'
[2022-04-25 02:06:46.183] [exthost] [info] ExtensionService#_doActivateExtension vscodevim.vim, startup: true, activationEvent: '*'
[2022-04-25 02:06:46.250] [exthost] [info] ExtensionService#_doActivateExtension vscode.git, startup: true, activationEvent: '*'
[2022-04-25 02:06:46.259] [exthost] [info] ExtensionService#_doActivateExtension vscode.github, startup: true, activationEvent: '*'
[2022-04-25 02:06:46.263] [exthost] [info] ExtensionService#_doActivateExtension franneck94.c-cpp-runner, startup: true, activationEvent: 'workspaceContains:*.h,*.c,*.hh,*.cc,*.hxx,*.cxx,*.hpp,*.cpp'
[2022-04-25 02:06:46.279] [exthost] [info] Eager extensions activated
[2022-04-25 02:06:46.284] [exthost] [info] ExtensionService#_doActivateExtension vscode.emmet, startup: false, activationEvent: 'onStartupFinished'
[2022-04-25 02:06:46.287] [exthost] [info] ExtensionService#_doActivateExtension vscode.merge-conflict, startup: false, activationEvent: 'onStartupFinished'
[2022-04-25 02:06:46.288] [exthost] [info] ExtensionService#_doActivateExtension zhuangtongfa.material-theme, startup: false, activationEvent: 'onStartupFinished'
[2022-04-25 02:27:20.286] [exthost] [info] extension host terminating: renderer closed the socket
[2022-04-25 02:27:20.531] [exthost] [error] TypeError: Converting circular structure to JSON
    --> starting at object with constructor 't'
    |     property '_readableState' -> object with constructor 'M'
    |     property 'pipes' -> object with constructor 'Array'
    |     index 0 -> object with constructor 't.ConsoleForElectron'
    --- property 'parent' closes the circle
    at JSON.stringify (<anonymous>)
    at async (/home/zanciks/.vscode-oss/extensions/vscodevim.vim-1.22.2/src/register/register.ts:357:16)
    at Object.e.deactivate (/home/zanciks/.vscode-oss/extensions/vscodevim.vim-1.22.2/extension.ts:64:8)
    at async Promise.all (index 8)
    at deactivateAll (/opt/vscodium-bin/resources/app/out/vs/workbench/api/node/extensionHostProcess.js:90:10255)
[2022-04-25 02:27:20.531] [exthost] [info] Extension host with pid 995987 exiting with code 0
