2023-11-25 17:19:47.110 [info] Log level: Info
2023-11-25 17:19:47.110 [info] Validating found git in: "git"
2023-11-25 17:19:47.122 [info] Using git "2.43.0" from "git"
2023-11-25 17:19:47.138 [info] > git rev-parse --show-toplevel [4ms]
2023-11-25 17:19:47.180 [info] > git rev-parse --git-dir --git-common-dir [5ms]
2023-11-25 17:19:47.203 [info] Open repository: /home/zanciks/code/zanciks.github.io
2023-11-25 17:19:47.229 [info] > git rev-parse --show-toplevel [8ms]
2023-11-25 17:19:47.229 [info] > git config --get commit.template [15ms]
2023-11-25 17:19:47.247 [info] > git for-each-ref --format=%(refname)%00%(upstream:short)%00%(objectname)%00%(upstream:track)%00%(upstream:remotename)%00%(upstream:remoteref) refs/heads/main refs/remotes/main [3ms]
2023-11-25 17:19:47.254 [info] > git rev-parse --show-toplevel [17ms]
2023-11-25 17:19:47.362 [info] > git status -z -uall [108ms]
2023-11-25 17:19:47.377 [info] > git rev-parse --show-toplevel [15ms]
2023-11-25 17:19:47.391 [info] > git config --get commit.template [14ms]
2023-11-25 17:19:47.394 [info] > git rev-parse --show-toplevel [3ms]
2023-11-25 17:19:47.463 [info] > git rev-parse --show-toplevel [12ms]
2023-11-25 17:19:47.463 [info] > git for-each-ref --format=%(refname)%00%(upstream:short)%00%(objectname)%00%(upstream:track)%00%(upstream:remotename)%00%(upstream:remoteref) refs/heads/main refs/remotes/main [27ms]
2023-11-25 17:19:47.486 [info] > git status -z -uall [15ms]
2023-11-25 17:19:47.493 [info] > git rev-parse --show-toplevel [8ms]
2023-11-25 17:19:47.505 [info] > git rev-parse --show-toplevel [3ms]
2023-11-25 17:19:47.515 [info] > git rev-parse --show-toplevel [1ms]
2023-11-25 17:19:47.526 [info] > git rev-parse --show-toplevel [5ms]
2023-11-25 17:19:47.739 [info] > git check-ignore -v -z --stdin [1ms]
2023-11-25 17:19:47.822 [info] > git show --textconv :portfolio/index.html [10ms]
2023-11-25 17:19:47.823 [info] > git ls-files --stage -- /home/zanciks/code/zanciks.github.io/portfolio/index.html [2ms]
2023-11-25 17:19:48.009 [info] > git fetch [807ms]
2023-11-25 17:19:48.032 [info] > git config --get commit.template [12ms]
2023-11-25 17:19:48.033 [info] > git for-each-ref --format=%(refname)%00%(upstream:short)%00%(objectname)%00%(upstream:track)%00%(upstream:remotename)%00%(upstream:remoteref) refs/heads/main refs/remotes/main [2ms]
2023-11-25 17:19:48.043 [info] > git status -z -uall [1ms]
2023-11-25 17:19:49.101 [info] > git config --get commit.template [12ms]
2023-11-25 17:19:49.102 [info] > git for-each-ref --format=%(refname)%00%(upstream:short)%00%(objectname)%00%(upstream:track)%00%(upstream:remotename)%00%(upstream:remoteref) refs/heads/main refs/remotes/main [2ms]
2023-11-25 17:19:49.113 [info] > git status -z -uall [1ms]
2023-11-25 17:19:49.209 [info] > git ls-files --stage -- /home/zanciks/code/zanciks.github.io/portfolio/index.html [1ms]
2023-11-25 17:19:49.270 [info] > git show --textconv :portfolio/index.html [1ms]
2023-11-25 17:37:41.424 [info] > git fetch [438ms]
2023-11-25 17:37:41.439 [info] > git config --get commit.template [8ms]
2023-11-25 17:37:41.439 [info] > git for-each-ref --format=%(refname)%00%(upstream:short)%00%(objectname)%00%(upstream:track)%00%(upstream:remotename)%00%(upstream:remoteref) refs/heads/main refs/remotes/main [1ms]
2023-11-25 17:37:41.447 [info] > git status -z -uall [1ms]
2023-11-25 19:16:05.888 [info] > git config --get commit.template [1ms]
2023-11-25 19:16:05.888 [info] > git ls-files --stage -- /home/zanciks/code/zanciks.github.io/portfolio/index.html [25ms]
2023-11-25 19:16:05.938 [info] > git show --textconv :portfolio/index.html [18ms]
2023-11-25 19:16:05.939 [info] > git for-each-ref --format=%(refname)%00%(upstream:short)%00%(objectname)%00%(upstream:track)%00%(upstream:remotename)%00%(upstream:remoteref) refs/heads/main refs/remotes/main [2ms]
2023-11-25 19:16:05.964 [info] > git status -z -uall [9ms]
2023-11-25 19:16:15.890 [info] > git fetch [10041ms]
2023-11-25 19:16:15.890 [info] fatal: unable to access 'https://github.com/zanciks/zanciks.github.io.git/': Could not resolve host: github.com
2023-11-25 19:16:15.932 [info] > git config --get commit.template [21ms]
2023-11-25 19:16:15.933 [info] > git for-each-ref --format=%(refname)%00%(upstream:short)%00%(objectname)%00%(upstream:track)%00%(upstream:remotename)%00%(upstream:remoteref) refs/heads/main refs/remotes/main [2ms]
2023-11-25 19:16:15.950 [info] > git status -z -uall [2ms]
2023-11-25 19:16:46.132 [info] > git ls-files --stage -- /home/zanciks/code/zanciks.github.io/portfolio/index.html [1ms]
2023-11-25 19:16:46.144 [info] > git show --textconv :portfolio/index.html [1ms]
2023-11-25 19:16:50.514 [info] > git show --textconv :home/index.html [9ms]
2023-11-25 19:16:50.515 [info] > git ls-files --stage -- /home/zanciks/code/zanciks.github.io/home/index.html [2ms]
2023-11-25 19:16:50.524 [info] > git cat-file -s c63516c28f203fa1db1a246fa67d8f6fd6910afb [2ms]
2023-11-25 19:16:55.944 [info] > git show --textconv :portfolio/index.html [11ms]
2023-11-25 19:16:55.946 [info] > git ls-files --stage -- /home/zanciks/code/zanciks.github.io/portfolio/index.html [2ms]
2023-11-25 19:17:01.806 [info] > git show --textconv :portfolio/theme.css [11ms]
2023-11-25 19:17:01.807 [info] > git ls-files --stage -- /home/zanciks/code/zanciks.github.io/portfolio/theme.css [2ms]
2023-11-25 19:17:02.074 [info] > git check-ignore -v -z --stdin [1ms]
2023-11-25 19:17:02.670 [info] > git config --get commit.template [12ms]
2023-11-25 19:17:02.671 [info] > git for-each-ref --format=%(refname)%00%(upstream:short)%00%(objectname)%00%(upstream:track)%00%(upstream:remotename)%00%(upstream:remoteref) refs/heads/main refs/remotes/main [2ms]
2023-11-25 19:17:02.683 [info] > git status -z -uall [2ms]
2023-11-25 19:17:03.008 [info] > git show --textconv :portfolio/index.html [11ms]
2023-11-25 19:17:03.009 [info] > git ls-files --stage -- /home/zanciks/code/zanciks.github.io/portfolio/index.html [1ms]
2023-11-25 19:17:08.528 [info] > git config --get commit.template [8ms]
2023-11-25 19:17:08.529 [info] > git for-each-ref --format=%(refname)%00%(upstream:short)%00%(objectname)%00%(upstream:track)%00%(upstream:remotename)%00%(upstream:remoteref) refs/heads/main refs/remotes/main [2ms]
2023-11-25 19:17:08.536 [info] > git status -z -uall [2ms]
2023-11-25 19:17:19.007 [info] > git config --get commit.template [1ms]
2023-11-25 19:17:19.019 [info] > git for-each-ref --format=%(refname)%00%(upstream:short)%00%(objectname)%00%(upstream:track)%00%(upstream:remotename)%00%(upstream:remoteref) refs/heads/main refs/remotes/main [1ms]
2023-11-25 19:17:19.031 [info] > git status -z -uall [2ms]
2023-11-25 19:23:11.576 [info] > git fetch [474ms]
2023-11-25 19:23:11.598 [info] > git config --get commit.template [10ms]
2023-11-25 19:23:11.599 [info] > git for-each-ref --format=%(refname)%00%(upstream:short)%00%(objectname)%00%(upstream:track)%00%(upstream:remotename)%00%(upstream:remoteref) refs/heads/main refs/remotes/main [1ms]
2023-11-25 19:23:11.607 [info] > git status -z -uall [2ms]
