2023-11-20 23:30:43.976 [info] Log level: Info
2023-11-20 23:30:43.976 [info] Validating found git in: "git"
2023-11-20 23:30:43.976 [info] Using git "2.42.1" from "git"
2023-11-20 23:30:43.976 [info] > git rev-parse --show-toplevel [8ms]
2023-11-20 23:30:43.976 [info] fatal: not a git repository (or any of the parent directories): .git
2023-11-20 23:30:43.976 [info] > git rev-parse --show-toplevel [11ms]
2023-11-20 23:30:43.976 [info] fatal: not a git repository (or any of the parent directories): .git
2023-11-20 23:30:43.976 [info] > git rev-parse --show-toplevel [2ms]
2023-11-20 23:30:43.976 [info] fatal: not a git repository (or any of the parent directories): .git
2023-11-20 23:30:52.256 [info] Log level: Info
2023-11-20 23:30:52.256 [info] Validating found git in: "git"
2023-11-20 23:30:52.256 [info] Using git "2.42.1" from "git"
2023-11-20 23:30:52.256 [info] > git rev-parse --show-toplevel [3ms]
2023-11-20 23:30:52.256 [info] fatal: not a git repository (or any of the parent directories): .git
2023-11-20 23:30:52.257 [info] > git rev-parse --show-toplevel [3ms]
2023-11-20 23:30:52.257 [info] fatal: not a git repository (or any of the parent directories): .git
2023-11-20 23:30:52.967 [info] > git rev-parse --show-toplevel [2ms]
2023-11-20 23:30:52.967 [info] fatal: not a git repository (or any of the parent directories): .git
2023-11-20 23:30:53.953 [info] > git rev-parse --show-toplevel [1ms]
2023-11-20 23:30:53.953 [info] fatal: not a git repository (or any of the parent directories): .git
2023-11-20 23:30:58.905 [info] > git rev-parse --show-toplevel [1ms]
2023-11-20 23:30:58.905 [info] fatal: not a git repository (or any of the parent directories): .git
2023-11-20 23:32:37.174 [info] > git rev-parse --show-toplevel [2ms]
2023-11-20 23:32:37.174 [info] fatal: not a git repository (or any of the parent directories): .git
