2023-11-20 23:30:43.614 [info] Extension host with pid 19832 started
2023-11-20 23:30:43.614 [info] Skipping acquiring lock for /home/zanciks/.config/Code - OSS/User/workspaceStorage/d1352271e31734153c47d2721d6ba25a.
2023-11-20 23:30:43.635 [info] ExtensionService#_doActivateExtension vscode.emmet, startup: false, activationEvent: 'onLanguage'
2023-11-20 23:30:43.674 [info] ExtensionService#_doActivateExtension vscode.git-base, startup: true, activationEvent: '*', root cause: vscode.git
2023-11-20 23:30:43.677 [info] ExtensionService#_doActivateExtension Shan.code-settings-sync, startup: true, activationEvent: '*'
2023-11-20 23:30:43.775 [info] ExtensionService#_doActivateExtension vscode.git, startup: true, activationEvent: '*'
2023-11-20 23:30:43.841 [info] ExtensionService#_doActivateExtension vscode.github, startup: true, activationEvent: '*'
2023-11-20 23:30:43.896 [info] Eager extensions activated
2023-11-20 23:30:43.920 [info] ExtensionService#_doActivateExtension vscode.debug-auto-launch, startup: false, activationEvent: 'onStartupFinished'
2023-11-20 23:30:43.922 [info] ExtensionService#_doActivateExtension vscode.merge-conflict, startup: false, activationEvent: 'onStartupFinished'
2023-11-20 23:30:43.942 [info] ExtensionService#_doActivateExtension Catppuccin.catppuccin-vsc, startup: false, activationEvent: 'onStartupFinished'
2023-11-20 23:30:44.031 [info] ExtensionService#_doActivateExtension vscode.json-language-features, startup: false, activationEvent: 'onLanguage:jsonc'
2023-11-20 23:30:44.102 [info] ExtensionService#_doActivateExtension vscode.typescript-language-features, startup: false, activationEvent: 'onLanguage:jsonc'
2023-11-20 23:30:51.207 [info] Extension host terminating: renderer closed the MessagePort
2023-11-20 23:30:51.213 [info] Extension host with pid 19832 exiting with code 0
2023-11-20 23:30:51.957 [info] Extension host with pid 19936 started
2023-11-20 23:30:51.957 [info] Skipping acquiring lock for /home/zanciks/.config/Code - OSS/User/workspaceStorage/5839d40c9db724df21b1f3928bbac51e.
2023-11-20 23:30:51.995 [info] ExtensionService#_doActivateExtension vscode.git-base, startup: true, activationEvent: '*', root cause: vscode.git
2023-11-20 23:30:51.999 [info] ExtensionService#_doActivateExtension Shan.code-settings-sync, startup: true, activationEvent: '*'
2023-11-20 23:30:52.112 [info] ExtensionService#_doActivateExtension vscode.git, startup: true, activationEvent: '*'
2023-11-20 23:30:52.175 [info] ExtensionService#_doActivateExtension vscode.github, startup: true, activationEvent: '*'
2023-11-20 23:30:52.229 [info] Eager extensions activated
2023-11-20 23:30:52.255 [info] ExtensionService#_doActivateExtension vscode.debug-auto-launch, startup: false, activationEvent: 'onStartupFinished'
2023-11-20 23:30:52.258 [info] ExtensionService#_doActivateExtension vscode.merge-conflict, startup: false, activationEvent: 'onStartupFinished'
2023-11-20 23:30:52.277 [info] ExtensionService#_doActivateExtension Catppuccin.catppuccin-vsc, startup: false, activationEvent: 'onStartupFinished'
2023-11-20 23:30:52.334 [info] ExtensionService#_doActivateExtension vscode.json-language-features, startup: false, activationEvent: 'onLanguage:jsonc'
2023-11-20 23:30:52.386 [info] ExtensionService#_doActivateExtension vscode.typescript-language-features, startup: false, activationEvent: 'onLanguage:jsonc'
2023-11-20 23:30:52.439 [info] ExtensionService#_doActivateExtension vscode.emmet, startup: false, activationEvent: 'onLanguage'
2023-11-20 23:33:15.158 [info] Extension host terminating: renderer closed the MessagePort
2023-11-20 23:33:15.171 [info] Extension host with pid 19936 exiting with code 0
