[2022-04-28 20:33:25.908] [main] [info] window#load: attempt to load window (id: 1)
[2022-04-28 20:33:25.917] [main] [info] update#setState idle
[2022-04-28 20:33:25.944] [main] [info] ExtensionHostStarterWorker created
[2022-04-28 20:33:26.872] [main] [info] window#load: window reported ready (id: 1)
[2022-04-28 20:33:27.044] [main] [info] Starting extension host with pid 7545 (fork() took 36 ms).
[2022-04-28 20:33:27.044] [main] [info] ExtensionHostStarterWorker.start() took 38 ms.
[2022-04-28 20:33:49.157] [main] [info] window#load: attempt to load window (id: 1)
[2022-04-28 20:33:49.167] [main] [info] Extension host with pid 7545 exited with code: 0, signal: null.
[2022-04-28 20:33:49.880] [main] [info] window#load: window reported ready (id: 1)
[2022-04-28 20:33:50.042] [main] [info] Starting extension host with pid 7838 (fork() took 7 ms).
[2022-04-28 20:33:50.042] [main] [info] ExtensionHostStarterWorker.start() took 7 ms.
[2022-04-28 20:33:55.918] [main] [info] update#setState checking for updates
[2022-04-28 20:33:56.004] [main] [info] update#setState idle
[2022-04-29 03:33:56.439] [main] [info] update#setState checking for updates
[2022-04-29 03:33:56.674] [main] [info] update#setState idle
[2022-04-29 04:33:56.541] [main] [info] update#setState checking for updates
[2022-04-29 04:33:56.750] [main] [info] update#setState idle
[2022-04-29 05:33:56.552] [main] [info] update#setState checking for updates
[2022-04-29 05:33:57.021] [main] [info] update#setState idle
[2022-04-29 05:36:49.396] [main] [info] Waiting for extension host with pid 7838 to exit.
[2022-04-29 05:36:49.660] [main] [info] Extension host with pid 7838 exited with code: 0, signal: null.
