2023-11-24 17:06:35.730 [info] Log level: Info
2023-11-24 17:06:35.730 [info] Validating found git in: "git"
2023-11-24 17:06:35.730 [info] Using git "2.43.0" from "git"
2023-11-24 17:06:35.730 [info] > git rev-parse --show-toplevel [6ms]
2023-11-24 17:06:35.731 [info] > git rev-parse --git-dir --git-common-dir [2ms]
2023-11-24 17:06:35.739 [info] Open repository: /home/zanciks/code/zanciks.github.io
2023-11-24 17:06:35.791 [info] > git rev-parse --show-toplevel [38ms]
2023-11-24 17:06:35.791 [info] > git config --get commit.template [44ms]
2023-11-24 17:06:35.814 [info] > git rev-parse --show-toplevel [11ms]
2023-11-24 17:06:35.824 [info] > git for-each-ref --format=%(refname)%00%(upstream:short)%00%(objectname)%00%(upstream:track)%00%(upstream:remotename)%00%(upstream:remoteref) refs/heads/main refs/remotes/main [13ms]
2023-11-24 17:06:35.833 [info] > git rev-parse --show-toplevel [12ms]
2023-11-24 17:06:35.842 [info] > git rev-parse --show-toplevel [1ms]
2023-11-24 17:06:35.849 [info] > git rev-parse --show-toplevel [1ms]
2023-11-24 17:06:35.858 [info] > git rev-parse --show-toplevel [2ms]
2023-11-24 17:06:35.998 [info] > git rev-parse --show-toplevel [132ms]
2023-11-24 17:06:36.062 [info] > git status -z -uall [231ms]
2023-11-24 17:06:36.079 [info] > git config --get commit.template [3ms]
2023-11-24 17:06:36.126 [info] > git for-each-ref --format=%(refname)%00%(upstream:short)%00%(objectname)%00%(upstream:track)%00%(upstream:remotename)%00%(upstream:remoteref) refs/heads/main refs/remotes/main [40ms]
2023-11-24 17:06:36.265 [info] > git status -z -uall [132ms]
2023-11-24 17:06:36.299 [info] > git check-ignore -v -z --stdin [1ms]
2023-11-24 17:06:42.472 [info] > git check-ignore -v -z --stdin [1ms]
2023-11-24 17:06:42.814 [info] > git show --textconv :home/index.html [10ms]
2023-11-24 17:06:42.815 [info] > git ls-files --stage -- /home/zanciks/code/zanciks.github.io/home/index.html [2ms]
2023-11-24 17:06:42.825 [info] > git cat-file -s df4f031663df45771aa8c705e767ae9e72eea245 [1ms]
2023-11-24 17:06:52.866 [info] > git config --get commit.template [10ms]
2023-11-24 17:06:52.867 [info] > git for-each-ref --format=%(refname)%00%(upstream:short)%00%(objectname)%00%(upstream:track)%00%(upstream:remotename)%00%(upstream:remoteref) refs/heads/main refs/remotes/main [2ms]
2023-11-24 17:06:53.004 [info] > git status -z -uall [128ms]
2023-11-24 17:10:21.800 [info] > git config --get commit.template [10ms]
2023-11-24 17:10:21.801 [info] > git for-each-ref --format=%(refname)%00%(upstream:short)%00%(objectname)%00%(upstream:track)%00%(upstream:remotename)%00%(upstream:remoteref) refs/heads/main refs/remotes/main [2ms]
2023-11-24 17:10:21.936 [info] > git status -z -uall [129ms]
2023-11-24 17:10:25.117 [info] > git add -A -- . [136ms]
2023-11-24 17:10:25.533 [info] > git show --textconv :.git/COMMIT_EDITMSG [9ms]
2023-11-24 17:10:25.534 [info] > git ls-files --stage -- /home/zanciks/code/zanciks.github.io/.git/COMMIT_EDITMSG [1ms]
2023-11-24 17:10:25.846 [info] > git check-ignore -v -z --stdin [1ms]
2023-11-24 17:10:26.372 [info] > git ls-files --stage -- /home/zanciks/code/zanciks.github.io/.git/COMMIT_EDITMSG [2ms]
2023-11-24 17:10:26.384 [info] > git show --textconv :.git/COMMIT_EDITMSG [1ms]
2023-11-24 17:10:35.885 [info] > git -c user.useConfigOnly=true commit --quiet [10759ms]
2023-11-24 17:10:35.896 [info] > git config --get commit.template [2ms]
2023-11-24 17:10:35.904 [info] > git for-each-ref --format=%(refname)%00%(upstream:short)%00%(objectname)%00%(upstream:track)%00%(upstream:remotename)%00%(upstream:remoteref) refs/heads/main refs/remotes/main [2ms]
2023-11-24 17:10:35.912 [info] > git status -z -uall [1ms]
2023-11-24 17:10:35.994 [info] > git config --get commit.template [8ms]
2023-11-24 17:10:35.994 [info] > git for-each-ref --format=%(refname)%00%(upstream:short)%00%(objectname)%00%(upstream:track)%00%(upstream:remotename)%00%(upstream:remoteref) refs/heads/main refs/remotes/main [1ms]
2023-11-24 17:10:36.002 [info] > git status -z -uall [1ms]
2023-11-24 17:10:36.324 [info] > git show --textconv :home/index.html [7ms]
2023-11-24 17:10:36.325 [info] > git ls-files --stage -- /home/zanciks/code/zanciks.github.io/home/index.html [1ms]
2023-11-24 17:10:36.332 [info] > git cat-file -s c63516c28f203fa1db1a246fa67d8f6fd6910afb [1ms]
2023-11-24 17:10:36.692 [info] > git ls-files --stage -- /home/zanciks/code/zanciks.github.io/home/index.html [1ms]
2023-11-24 17:10:36.702 [info] > git cat-file -s c63516c28f203fa1db1a246fa67d8f6fd6910afb [1ms]
2023-11-24 17:10:36.714 [info] > git show --textconv :home/index.html [2ms]
2023-11-24 17:10:42.084 [info] > git log --oneline --cherry main...main@{upstream} -- [1ms]
2023-11-24 17:10:42.591 [info] > git pull --tags origin main [497ms]
2023-11-24 17:10:42.591 [info] From https://github.com/zanciks/zanciks.github.io
 * branch            main       -> FETCH_HEAD
2023-11-24 17:10:43.831 [info] > git ls-files --stage -- /home/zanciks/code/zanciks.github.io/home/index.html [2ms]
2023-11-24 17:10:43.840 [info] > git cat-file -s c63516c28f203fa1db1a246fa67d8f6fd6910afb [2ms]
2023-11-24 17:10:43.851 [info] > git show --textconv :home/index.html [1ms]
2023-11-24 17:10:44.047 [info] > git push origin main:main [1444ms]
2023-11-24 17:10:44.047 [info] To https://github.com/zanciks/zanciks.github.io.git
   49a1266..a9b1b54  main -> main
2023-11-24 17:10:44.065 [info] > git config --get commit.template [10ms]
2023-11-24 17:10:44.066 [info] > git for-each-ref --format=%(refname)%00%(upstream:short)%00%(objectname)%00%(upstream:track)%00%(upstream:remotename)%00%(upstream:remoteref) refs/heads/main refs/remotes/main [1ms]
2023-11-24 17:10:44.076 [info] > git status -z -uall [2ms]
2023-11-24 17:10:45.144 [info] > git config --get commit.template [12ms]
2023-11-24 17:10:45.145 [info] > git for-each-ref --format=%(refname)%00%(upstream:short)%00%(objectname)%00%(upstream:track)%00%(upstream:remotename)%00%(upstream:remoteref) refs/heads/main refs/remotes/main [2ms]
2023-11-24 17:10:45.157 [info] > git status -z -uall [2ms]
2023-11-24 17:10:45.231 [info] > git ls-files --stage -- /home/zanciks/code/zanciks.github.io/home/index.html [1ms]
2023-11-24 17:10:45.240 [info] > git cat-file -s c63516c28f203fa1db1a246fa67d8f6fd6910afb [1ms]
2023-11-24 17:10:45.251 [info] > git show --textconv :home/index.html [1ms]
2023-11-24 17:10:48.160 [info] > git fetch [488ms]
2023-11-24 17:10:48.182 [info] > git config --get commit.template [12ms]
2023-11-24 17:10:48.183 [info] > git for-each-ref --format=%(refname)%00%(upstream:short)%00%(objectname)%00%(upstream:track)%00%(upstream:remotename)%00%(upstream:remoteref) refs/heads/main refs/remotes/main [2ms]
2023-11-24 17:10:48.194 [info] > git status -z -uall [2ms]
2023-11-24 17:10:59.819 [info] > git config --get commit.template [1ms]
2023-11-24 17:10:59.842 [info] > git ls-files --stage -- /home/zanciks/code/zanciks.github.io/home/index.html [12ms]
2023-11-24 17:10:59.850 [info] > git for-each-ref --format=%(refname)%00%(upstream:short)%00%(objectname)%00%(upstream:track)%00%(upstream:remotename)%00%(upstream:remoteref) refs/heads/main refs/remotes/main [9ms]
2023-11-24 17:10:59.857 [info] > git cat-file -s c63516c28f203fa1db1a246fa67d8f6fd6910afb [7ms]
2023-11-24 17:10:59.865 [info] > git status -z -uall [8ms]
2023-11-24 17:10:59.867 [info] > git show --textconv :home/index.html [3ms]
2023-11-24 17:11:08.301 [info] > git check-ignore -v -z --stdin [1ms]
2023-11-24 17:11:08.881 [info] > git config --get commit.template [12ms]
2023-11-24 17:11:08.882 [info] > git for-each-ref --format=%(refname)%00%(upstream:short)%00%(objectname)%00%(upstream:track)%00%(upstream:remotename)%00%(upstream:remoteref) refs/heads/main refs/remotes/main [2ms]
2023-11-24 17:11:08.891 [info] > git status -z -uall [1ms]
2023-11-24 17:11:13.264 [info] > git show --textconv :portfolio/index.html [8ms]
2023-11-24 17:11:13.265 [info] > git ls-files --stage -- /home/zanciks/code/zanciks.github.io/portfolio/index.html [1ms]
2023-11-24 17:11:13.540 [info] > git check-ignore -v -z --stdin [2ms]
2023-11-24 17:11:14.093 [info] > git config --get commit.template [2ms]
2023-11-24 17:11:14.115 [info] > git for-each-ref --format=%(refname)%00%(upstream:short)%00%(objectname)%00%(upstream:track)%00%(upstream:remotename)%00%(upstream:remoteref) refs/heads/main refs/remotes/main [7ms]
2023-11-24 17:11:14.127 [info] > git status -z -uall [2ms]
