2023-11-20 23:30:43.215 [info] Added views:workbench.panel.output in workbench.panel.output
2023-11-20 23:30:43.215 [info] Added views:workbench.panel.markers.view in workbench.panel.markers
2023-11-20 23:30:43.215 [info] Added views:terminal in terminal
2023-11-20 23:30:43.215 [info] Added views:outline in workbench.view.explorer
2023-11-20 23:30:43.216 [info] Added views:workbench.scm in workbench.view.scm
2023-11-20 23:30:43.216 [info] Added views:workbench.view.search in workbench.view.search
2023-11-20 23:30:43.216 [info] Added views:timeline in workbench.view.explorer
2023-11-20 23:30:43.216 [info] Added views:workbench.explorer.fileView in workbench.view.explorer
2023-11-20 23:30:43.544 [info] Added views:workbench.debug.welcome in workbench.view.debug
2023-11-20 23:30:43.636 [info] Added views:workbench.panel.repl.view in workbench.panel.repl
2023-11-20 23:30:43.809 [info] Added views:~remote.forwardedPorts in ~remote.forwardedPortsContainer
2023-11-20 23:30:51.550 [info] Added views:workbench.panel.markers.view in workbench.panel.markers
2023-11-20 23:30:51.550 [info] Added views:workbench.panel.output in workbench.panel.output
2023-11-20 23:30:51.550 [info] Added views:terminal in terminal
2023-11-20 23:30:51.550 [info] Added views:outline in workbench.view.explorer
2023-11-20 23:30:51.550 [info] Added views:workbench.scm in workbench.view.scm
2023-11-20 23:30:51.550 [info] Added views:workbench.view.search in workbench.view.search
2023-11-20 23:30:51.550 [info] Added views:timeline in workbench.view.explorer
2023-11-20 23:30:51.550 [info] Added views:workbench.explorer.fileView in workbench.view.explorer
2023-11-20 23:30:51.797 [info] Added views:workbench.debug.welcome in workbench.view.debug
2023-11-20 23:30:51.820 [info] Added views:~remote.forwardedPorts in ~remote.forwardedPortsContainer
2023-11-20 23:30:51.993 [info] Added views:workbench.panel.repl.view in workbench.panel.repl
