[2022-04-23 22:00:06.924] [renderer1] [info] Ignoring configured affinity for 'pub.name' because the extension is unknown or cannot execute.
[2022-04-23 22:00:07.105] [renderer1] [info] Ignoring configured affinity for 'pub.name' because the extension is unknown or cannot execute.
[2022-04-23 22:06:45.358] [renderer1] [error] spawn linux ENOENT: Error: spawn linux ENOENT
    at Process.ChildProcess._handle.onexit (node:internal/child_process:282:19)
    at onErrorNT (node:internal/child_process:477:16)
    at processTicksAndRejections (node:internal/process/task_queues:83:21)
[2022-04-23 22:08:35.315] [renderer1] [error] spawn linux ENOENT: Error: spawn linux ENOENT
    at Process.ChildProcess._handle.onexit (node:internal/child_process:282:19)
    at onErrorNT (node:internal/child_process:477:16)
    at processTicksAndRejections (node:internal/process/task_queues:83:21)
[2022-04-24 04:54:00.779] [renderer1] [error] spawn linux ENOENT: Error: spawn linux ENOENT
    at Process.ChildProcess._handle.onexit (node:internal/child_process:282:19)
    at onErrorNT (node:internal/child_process:477:16)
    at processTicksAndRejections (node:internal/process/task_queues:83:21)
[2022-04-24 06:03:11.575] [renderer1] [error] spawn linux ENOENT: Error: spawn linux ENOENT
    at Process.ChildProcess._handle.onexit (node:internal/child_process:282:19)
    at onErrorNT (node:internal/child_process:477:16)
    at processTicksAndRejections (node:internal/process/task_queues:83:21)
[2022-04-24 06:56:24.045] [renderer1] [error] spawn linux ENOENT: Error: spawn linux ENOENT
    at Process.ChildProcess._handle.onexit (node:internal/child_process:282:19)
    at onErrorNT (node:internal/child_process:477:16)
    at processTicksAndRejections (node:internal/process/task_queues:83:21)
[2022-04-25 01:29:09.398] [renderer1] [warning] [File Watcher (parcel)] Watcher shutdown because watched path got deleted (path: /home/zanciks/Programs/Projects/Chess in C++)
