[2022-04-25 01:46:03.976] [main] [info] window#load: attempt to load window (id: 1)
[2022-04-25 01:46:03.986] [main] [info] update#setState idle
[2022-04-25 01:46:04.006] [main] [info] ExtensionHostStarterWorker created
[2022-04-25 01:46:04.738] [main] [info] window#load: window reported ready (id: 1)
[2022-04-25 01:46:04.876] [main] [info] Starting extension host with pid 982648 (fork() took 7 ms).
[2022-04-25 01:46:04.877] [main] [info] ExtensionHostStarterWorker.start() took 12 ms.
[2022-04-25 01:46:11.882] [main] [info] window#load: attempt to load window (id: 1)
[2022-04-25 01:46:11.897] [main] [info] Extension host with pid 982648 exited with code: 0, signal: null.
[2022-04-25 01:46:12.245] [main] [info] window#load: window reported ready (id: 1)
[2022-04-25 01:46:12.428] [main] [info] Starting extension host with pid 982791 (fork() took 8 ms).
[2022-04-25 01:46:12.428] [main] [info] ExtensionHostStarterWorker.start() took 11 ms.
[2022-04-25 01:46:33.993] [main] [info] update#setState checking for updates
[2022-04-25 01:46:34.081] [main] [info] update#setState idle
[2022-04-25 02:03:46.949] [main] [info] window#load: attempt to load window (id: 1)
[2022-04-25 02:03:47.221] [main] [info] Extension host with pid 982791 exited with code: 0, signal: null.
[2022-04-25 02:03:47.697] [main] [info] window#load: window reported ready (id: 1)
[2022-04-25 02:03:47.838] [main] [info] Starting extension host with pid 993928 (fork() took 10 ms).
[2022-04-25 02:03:47.838] [main] [info] ExtensionHostStarterWorker.start() took 11 ms.
[2022-04-25 02:05:10.400] [main] [info] Waiting for extension host with pid 993928 to exit.
[2022-04-25 02:05:10.651] [main] [info] Extension host with pid 993928 exited with code: 0, signal: null.
