2023-11-23 15:04:16.823 [info] Added views:workbench.panel.output in workbench.panel.output
2023-11-23 15:04:16.823 [info] Added views:workbench.panel.markers.view in workbench.panel.markers
2023-11-23 15:04:16.823 [info] Added views:terminal in terminal
2023-11-23 15:04:16.823 [info] Added views:outline in workbench.view.explorer
2023-11-23 15:04:16.824 [info] Added views:workbench.scm in workbench.view.scm
2023-11-23 15:04:16.824 [info] Added views:workbench.view.search in workbench.view.search
2023-11-23 15:04:16.824 [info] Added views:timeline in workbench.view.explorer
2023-11-23 15:04:16.824 [info] Added views:workbench.explorer.emptyView in workbench.view.explorer
2023-11-23 15:04:17.007 [info] Added views:workbench.debug.welcome in workbench.view.debug
2023-11-23 15:04:17.275 [info] Added views:workbench.panel.repl.view in workbench.panel.repl
2023-11-23 15:04:17.381 [info] Added views:~remote.forwardedPorts in ~remote.forwardedPortsContainer
2023-11-23 15:04:26.535 [info] Added views:workbench.panel.markers.view in workbench.panel.markers
2023-11-23 15:04:26.535 [info] Added views:workbench.panel.output in workbench.panel.output
2023-11-23 15:04:26.535 [info] Added views:terminal in terminal
2023-11-23 15:04:26.535 [info] Added views:outline in workbench.view.explorer
2023-11-23 15:04:26.535 [info] Added views:workbench.scm in workbench.view.scm
2023-11-23 15:04:26.535 [info] Added views:workbench.view.search in workbench.view.search
2023-11-23 15:04:26.535 [info] Added views:timeline in workbench.view.explorer
2023-11-23 15:04:26.535 [info] Added views:workbench.explorer.fileView in workbench.view.explorer
2023-11-23 15:04:26.781 [info] Added views:workbench.debug.variablesView,workbench.debug.watchExpressionsView,workbench.debug.callStackView,workbench.debug.breakPointsView in workbench.view.debug
2023-11-23 15:04:26.786 [info] Added views:~remote.forwardedPorts in ~remote.forwardedPortsContainer
2023-11-23 15:04:26.951 [info] Added views:workbench.panel.repl.view in workbench.panel.repl
2023-11-23 15:04:26.952 [info] Removed views:workbench.debug.breakPointsView,workbench.debug.callStackView,workbench.debug.watchExpressionsView,workbench.debug.variablesView from workbench.view.debug
2023-11-23 15:04:26.952 [info] Added views:workbench.debug.welcome in workbench.view.debug
2023-11-23 15:04:27.459 [info] Added views:rustDependencies in workbench.view.explorer
2023-11-23 15:05:34.790 [info] Added views:workbench.panel.markers.view in workbench.panel.markers
2023-11-23 15:05:34.790 [info] Added views:workbench.panel.output in workbench.panel.output
2023-11-23 15:05:34.790 [info] Added views:terminal in terminal
2023-11-23 15:05:34.790 [info] Added views:outline in workbench.view.explorer
2023-11-23 15:05:34.790 [info] Added views:workbench.scm in workbench.view.scm
2023-11-23 15:05:34.790 [info] Added views:workbench.view.search in workbench.view.search
2023-11-23 15:05:34.790 [info] Added views:timeline in workbench.view.explorer
2023-11-23 15:05:34.790 [info] Added views:workbench.explorer.fileView in workbench.view.explorer
2023-11-23 15:05:35.061 [info] Added views:workbench.debug.variablesView,workbench.debug.watchExpressionsView,workbench.debug.callStackView,workbench.debug.breakPointsView in workbench.view.debug
2023-11-23 15:05:35.112 [info] Added views:~remote.forwardedPorts in ~remote.forwardedPortsContainer
2023-11-23 15:05:35.257 [info] Added views:workbench.panel.repl.view in workbench.panel.repl
2023-11-23 15:05:35.258 [info] Removed views:workbench.debug.breakPointsView,workbench.debug.callStackView,workbench.debug.watchExpressionsView,workbench.debug.variablesView from workbench.view.debug
2023-11-23 15:05:35.258 [info] Added views:workbench.debug.welcome in workbench.view.debug
