2023-11-23 15:04:17.616 [info] Log level: Info
2023-11-23 15:04:17.616 [info] Validating found git in: "git"
2023-11-23 15:04:17.616 [info] Using git "2.42.1" from "git"
2023-11-23 15:04:17.616 [info] > git rev-parse --show-toplevel [6ms]
2023-11-23 15:04:17.616 [info] fatal: not a git repository (or any of the parent directories): .git
2023-11-23 15:04:27.303 [info] Log level: Info
2023-11-23 15:04:27.303 [info] Validating found git in: "git"
2023-11-23 15:04:27.303 [info] Using git "2.42.1" from "git"
2023-11-23 15:04:27.303 [info] > git rev-parse --show-toplevel [5ms]
2023-11-23 15:04:27.303 [info] fatal: not a git repository (or any of the parent directories): .git
2023-11-23 15:04:27.318 [info] > git rev-parse --show-toplevel [5ms]
2023-11-23 15:04:27.318 [info] fatal: not a git repository (or any of the parent directories): .git
2023-11-23 15:04:27.382 [info] > git rev-parse --show-toplevel [56ms]
2023-11-23 15:04:27.391 [info] > git rev-parse --git-dir --git-common-dir [1ms]
2023-11-23 15:04:27.399 [info] Open repository: /home/zanciks/code/egui-platformer
2023-11-23 15:04:27.416 [info] > git config --get commit.template [7ms]
2023-11-23 15:04:27.417 [info] No remotes found in the git config file.
2023-11-23 15:04:27.440 [info] > git for-each-ref --format=%(refname)%00%(upstream:short)%00%(objectname)%00%(upstream:track)%00%(upstream:remotename)%00%(upstream:remoteref) refs/heads/master refs/remotes/master [16ms]
2023-11-23 15:04:27.454 [info] > git status -z -uall [6ms]
2023-11-23 15:04:27.474 [info] > git config --get commit.template [3ms]
2023-11-23 15:04:27.515 [info] No remotes found in the git config file.
2023-11-23 15:04:27.519 [info] > git for-each-ref --format=%(refname)%00%(upstream:short)%00%(objectname)%00%(upstream:track)%00%(upstream:remotename)%00%(upstream:remoteref) refs/heads/master refs/remotes/master [5ms]
2023-11-23 15:04:27.529 [info] > git status -z -uall [3ms]
2023-11-23 15:04:27.925 [info] > git check-ignore -v -z --stdin [1ms]
2023-11-23 15:04:38.793 [info] > git config --get commit.template [1ms]
2023-11-23 15:04:38.808 [info] No remotes found in the git config file.
2023-11-23 15:04:38.809 [info] > git for-each-ref --format=%(refname)%00%(upstream:short)%00%(objectname)%00%(upstream:track)%00%(upstream:remotename)%00%(upstream:remoteref) refs/heads/master refs/remotes/master [1ms]
2023-11-23 15:04:38.826 [info] > git status -z -uall [2ms]
2023-11-23 15:04:43.847 [info] No remotes found in the git config file.
2023-11-23 15:04:43.847 [info] > git config --get commit.template [9ms]
2023-11-23 15:04:43.847 [info] > git for-each-ref --format=%(refname)%00%(upstream:short)%00%(objectname)%00%(upstream:track)%00%(upstream:remotename)%00%(upstream:remoteref) refs/heads/master refs/remotes/master [1ms]
2023-11-23 15:04:43.855 [info] > git status -z -uall [1ms]
2023-11-23 15:04:58.318 [info] No remotes found in the git config file.
2023-11-23 15:04:58.319 [info] > git config --get commit.template [8ms]
2023-11-23 15:04:58.319 [info] > git for-each-ref --format=%(refname)%00%(upstream:short)%00%(objectname)%00%(upstream:track)%00%(upstream:remotename)%00%(upstream:remoteref) refs/heads/master refs/remotes/master [1ms]
2023-11-23 15:04:58.326 [info] > git status -z -uall [1ms]
2023-11-23 15:05:17.961 [warning] Failed to get repository realpath for: "/home/zanciks/code/zanciks". Error: ENOENT: no such file or directory, realpath '/home/zanciks/code/zanciks'
2023-11-23 15:05:35.526 [info] Log level: Info
2023-11-23 15:05:35.526 [info] Validating found git in: "git"
2023-11-23 15:05:35.526 [info] Using git "2.42.1" from "git"
2023-11-23 15:05:35.526 [info] > git rev-parse --show-toplevel [5ms]
2023-11-23 15:05:35.535 [info] > git rev-parse --git-dir --git-common-dir [2ms]
2023-11-23 15:05:35.542 [info] Open repository: /home/zanciks/code/zanciks.github.io
2023-11-23 15:05:35.559 [info] > git rev-parse --show-toplevel [1ms]
2023-11-23 15:05:35.560 [info] > git config --get commit.template [7ms]
2023-11-23 15:05:35.578 [info] > git rev-parse --show-toplevel [8ms]
2023-11-23 15:05:35.585 [info] > git for-each-ref --format=%(refname)%00%(upstream:short)%00%(objectname)%00%(upstream:track)%00%(upstream:remotename)%00%(upstream:remoteref) refs/heads/main refs/remotes/main [8ms]
2023-11-23 15:05:35.594 [info] > git rev-parse --show-toplevel [9ms]
2023-11-23 15:05:35.745 [info] > git status -z -uall [152ms]
2023-11-23 15:05:35.745 [info] > git rev-parse --show-toplevel [24ms]
2023-11-23 15:05:35.767 [info] > git config --get commit.template [2ms]
2023-11-23 15:05:35.767 [info] > git rev-parse --show-toplevel [9ms]
2023-11-23 15:05:35.842 [info] > git for-each-ref --format=%(refname)%00%(upstream:short)%00%(objectname)%00%(upstream:track)%00%(upstream:remotename)%00%(upstream:remoteref) refs/heads/main refs/remotes/main [39ms]
2023-11-23 15:05:35.850 [info] > git rev-parse --show-toplevel [65ms]
2023-11-23 15:05:35.861 [info] > git rev-parse --show-toplevel [2ms]
2023-11-23 15:05:35.983 [info] > git status -z -uall [134ms]
2023-11-23 15:05:36.073 [info] > git check-ignore -v -z --stdin [2ms]
