2023-12-02 11:46:23.751 [info] Log level: Info
2023-12-02 11:46:23.751 [info] Validating found git in: "git"
2023-12-02 11:46:23.764 [info] Using git "2.43.0" from "git"
2023-12-02 11:46:23.779 [info] > git rev-parse --show-toplevel [3ms]
2023-12-02 11:46:23.792 [info] > git rev-parse --git-dir --git-common-dir [1ms]
2023-12-02 11:46:23.800 [info] Open repository: /home/zanciks/code/zanciks.github.io
2023-12-02 11:46:23.850 [info] > git rev-parse --show-toplevel [7ms]
2023-12-02 11:46:23.851 [info] > git config --get commit.template [13ms]
2023-12-02 11:46:23.879 [info] > git for-each-ref --format=%(refname)%00%(upstream:short)%00%(objectname)%00%(upstream:track)%00%(upstream:remotename)%00%(upstream:remoteref) refs/heads/main refs/remotes/main [8ms]
2023-12-02 11:46:23.887 [info] > git rev-parse --show-toplevel [25ms]
2023-12-02 11:46:23.895 [info] > git status -z -uall [8ms]
2023-12-02 11:46:23.907 [info] > git rev-parse --show-toplevel [13ms]
2023-12-02 11:46:23.915 [info] > git config --get commit.template [8ms]
2023-12-02 11:46:23.916 [info] > git rev-parse --show-toplevel [3ms]
2023-12-02 11:46:23.929 [info] > git for-each-ref --format=%(refname)%00%(upstream:short)%00%(objectname)%00%(upstream:track)%00%(upstream:remotename)%00%(upstream:remoteref) refs/heads/main refs/remotes/main [7ms]
2023-12-02 11:46:23.974 [info] > git status -z -uall [39ms]
2023-12-02 11:46:23.976 [info] > git rev-parse --show-toplevel [48ms]
2023-12-02 11:46:23.989 [info] > git rev-parse --show-toplevel [4ms]
2023-12-02 11:46:24.097 [info] > git rev-parse --show-toplevel [99ms]
2023-12-02 11:46:24.112 [info] > git rev-parse --show-toplevel [8ms]
2023-12-02 11:46:24.123 [info] > git rev-parse --show-toplevel [3ms]
2023-12-02 11:46:24.147 [info] > git show --textconv :portfolio/index.html [16ms]
2023-12-02 11:46:24.162 [info] > git ls-files --stage -- /home/zanciks/code/zanciks.github.io/portfolio/index.html [23ms]
2023-12-02 11:46:24.171 [info] > git cat-file -s 870333f47a2beac8b65df8485b083e083a33adc1 [2ms]
2023-12-02 11:46:24.348 [info] > git check-ignore -v -z --stdin [5ms]
2023-12-02 11:46:25.020 [info] > git fetch [468ms]
2023-12-02 11:46:25.043 [info] > git config --get commit.template [13ms]
2023-12-02 11:46:25.044 [info] > git for-each-ref --format=%(refname)%00%(upstream:short)%00%(objectname)%00%(upstream:track)%00%(upstream:remotename)%00%(upstream:remoteref) refs/heads/main refs/remotes/main [2ms]
2023-12-02 11:46:25.056 [info] > git status -z -uall [2ms]
2023-12-02 11:46:26.163 [info] > git config --get commit.template [9ms]
2023-12-02 11:46:26.164 [info] > git for-each-ref --format=%(refname)%00%(upstream:short)%00%(objectname)%00%(upstream:track)%00%(upstream:remotename)%00%(upstream:remoteref) refs/heads/main refs/remotes/main [2ms]
2023-12-02 11:46:26.175 [info] > git status -z -uall [2ms]
2023-12-02 11:46:26.256 [info] > git ls-files --stage -- /home/zanciks/code/zanciks.github.io/portfolio/index.html [1ms]
2023-12-02 11:46:26.263 [info] > git cat-file -s 870333f47a2beac8b65df8485b083e083a33adc1 [1ms]
2023-12-02 11:46:26.275 [info] > git show --textconv :portfolio/index.html [1ms]
2023-12-02 11:46:39.661 [info] > git rev-parse --show-toplevel [1ms]
2023-12-02 11:46:39.661 [info] fatal: not a git repository (or any of the parent directories): .git
