2023-11-24 17:11:39.283 [info] Log level: Info
2023-11-24 17:11:39.283 [info] Validating found git in: "git"
2023-11-24 17:11:39.283 [info] Using git "2.43.0" from "git"
2023-11-24 17:11:39.283 [info] > git rev-parse --show-toplevel [6ms]
2023-11-24 17:11:39.283 [info] > git rev-parse --git-dir --git-common-dir [1ms]
2023-11-24 17:11:39.283 [info] Open repository: /home/zanciks/code/zanciks.github.io
2023-11-24 17:11:39.283 [info] > git rev-parse --show-toplevel [3ms]
2023-11-24 17:11:39.284 [info] > git config --get commit.template [11ms]
2023-11-24 17:11:39.303 [info] > git rev-parse --show-toplevel [9ms]
2023-11-24 17:11:39.312 [info] > git for-each-ref --format=%(refname)%00%(upstream:short)%00%(objectname)%00%(upstream:track)%00%(upstream:remotename)%00%(upstream:remoteref) refs/heads/main refs/remotes/main [11ms]
2023-11-24 17:11:39.423 [info] > git status -z -uall [103ms]
2023-11-24 17:11:39.428 [info] > git rev-parse --show-toplevel [117ms]
2023-11-24 17:11:39.453 [info] > git rev-parse --show-toplevel [8ms]
2023-11-24 17:11:39.453 [info] > git config --get commit.template [16ms]
2023-11-24 17:11:39.517 [info] > git rev-parse --show-toplevel [53ms]
2023-11-24 17:11:39.537 [info] > git for-each-ref --format=%(refname)%00%(upstream:short)%00%(objectname)%00%(upstream:track)%00%(upstream:remotename)%00%(upstream:remoteref) refs/heads/main refs/remotes/main [28ms]
2023-11-24 17:11:39.549 [info] > git status -z -uall [4ms]
2023-11-24 17:11:39.552 [info] > git rev-parse --show-toplevel [15ms]
2023-11-24 17:11:39.564 [info] > git rev-parse --show-toplevel [2ms]
2023-11-24 17:11:39.574 [info] > git rev-parse --show-toplevel [1ms]
2023-11-24 17:11:39.583 [info] > git rev-parse --show-toplevel [1ms]
2023-11-24 17:11:39.749 [info] > git fetch [486ms]
2023-11-24 17:11:39.763 [info] > git config --get commit.template [7ms]
2023-11-24 17:11:39.763 [info] > git for-each-ref --format=%(refname)%00%(upstream:short)%00%(objectname)%00%(upstream:track)%00%(upstream:remotename)%00%(upstream:remoteref) refs/heads/main refs/remotes/main [1ms]
2023-11-24 17:11:39.771 [info] > git status -z -uall [2ms]
2023-11-24 17:11:39.793 [info] > git check-ignore -v -z --stdin [1ms]
2023-11-24 17:11:39.876 [info] > git show --textconv :portfolio/index.html [10ms]
2023-11-24 17:11:39.876 [info] > git ls-files --stage -- /home/zanciks/code/zanciks.github.io/portfolio/index.html [1ms]
2023-11-24 17:11:40.895 [info] > git config --get commit.template [8ms]
2023-11-24 17:11:40.895 [info] > git for-each-ref --format=%(refname)%00%(upstream:short)%00%(objectname)%00%(upstream:track)%00%(upstream:remotename)%00%(upstream:remoteref) refs/heads/main refs/remotes/main [1ms]
2023-11-24 17:11:40.903 [info] > git status -z -uall [2ms]
2023-11-24 17:11:40.989 [info] > git ls-files --stage -- /home/zanciks/code/zanciks.github.io/portfolio/index.html [1ms]
2023-11-24 17:11:40.997 [info] > git show --textconv :portfolio/index.html [1ms]
2023-11-24 17:11:50.800 [info] > git check-ignore -v -z --stdin [2ms]
2023-11-24 17:11:54.401 [info] > git show --textconv :home/index.html [12ms]
2023-11-24 17:11:54.402 [info] > git ls-files --stage -- /home/zanciks/code/zanciks.github.io/home/index.html [2ms]
2023-11-24 17:11:54.413 [info] > git cat-file -s c63516c28f203fa1db1a246fa67d8f6fd6910afb [2ms]
2023-11-24 17:11:58.353 [info] > git show --textconv :portfolio/index.html [9ms]
2023-11-24 17:11:58.353 [info] > git ls-files --stage -- /home/zanciks/code/zanciks.github.io/portfolio/index.html [1ms]
2023-11-24 18:49:23.456 [info] > git config --get commit.template [8ms]
2023-11-24 18:49:23.456 [info] > git for-each-ref --format=%(refname)%00%(upstream:short)%00%(objectname)%00%(upstream:track)%00%(upstream:remotename)%00%(upstream:remoteref) refs/heads/main refs/remotes/main [1ms]
2023-11-24 18:49:23.465 [info] > git status -z -uall [2ms]
2023-11-24 18:49:23.910 [info] > git fetch [470ms]
2023-11-24 18:49:23.929 [info] > git config --get commit.template [9ms]
2023-11-24 18:49:23.930 [info] > git for-each-ref --format=%(refname)%00%(upstream:short)%00%(objectname)%00%(upstream:track)%00%(upstream:remotename)%00%(upstream:remoteref) refs/heads/main refs/remotes/main [2ms]
2023-11-24 18:49:23.940 [info] > git status -z -uall [1ms]
2023-11-24 18:49:25.146 [info] > git ls-files --stage -- /home/zanciks/code/zanciks.github.io/portfolio/index.html [1ms]
2023-11-24 18:49:25.157 [info] > git show --textconv :portfolio/index.html [1ms]
