[2022-04-23 22:00:07.227] [exthost] [info] Extension host with pid 130298 started
[2022-04-23 22:00:07.227] [exthost] [info] Skipping acquiring lock for /home/zanciks/.config/VSCodium/User/workspaceStorage/39b451f64cfb5aceab3af2441792ace5.
[2022-04-23 22:00:07.342] [exthost] [info] ExtensionService#_doActivateExtension franneck94.c-cpp-runner, startup: false, activationEvent: 'onLanguage:cpp'
[2022-04-23 22:00:07.350] [exthost] [info] ExtensionService#_doActivateExtension vscode.debug-auto-launch, startup: true, activationEvent: '*'
[2022-04-23 22:00:07.351] [exthost] [info] ExtensionService#_doActivateExtension vscode.git-base, startup: true, activationEvent: '*', root cause: vscode.git
[2022-04-23 22:00:07.352] [exthost] [info] ExtensionService#_doActivateExtension vscode.ipynb, startup: true, activationEvent: '*'
[2022-04-23 22:00:07.354] [exthost] [info] ExtensionService#_doActivateExtension vscodevim.vim, startup: true, activationEvent: '*'
[2022-04-23 22:00:07.609] [exthost] [info] ExtensionService#_doActivateExtension vscode.git, startup: true, activationEvent: '*'
[2022-04-23 22:00:07.620] [exthost] [info] ExtensionService#_doActivateExtension vscode.github, startup: true, activationEvent: '*'
[2022-04-23 22:00:07.650] [exthost] [info] Eager extensions activated
[2022-04-23 22:00:07.671] [exthost] [info] ExtensionService#_doActivateExtension vscode.emmet, startup: false, activationEvent: 'onStartupFinished'
[2022-04-23 22:00:07.675] [exthost] [info] ExtensionService#_doActivateExtension vscode.merge-conflict, startup: false, activationEvent: 'onStartupFinished'
[2022-04-23 22:00:07.677] [exthost] [info] ExtensionService#_doActivateExtension zhuangtongfa.material-theme, startup: false, activationEvent: 'onStartupFinished'
[2022-04-23 22:00:10.006] [exthost] [info] ExtensionService#_doActivateExtension vscode.debug-server-ready, startup: false, activationEvent: 'onDebugResolve'
[2022-04-24 05:32:00.817] [exthost] [info] ExtensionService#_doActivateExtension vscode.image-preview, startup: false, activationEvent: 'onCustomEditor:imagePreview.previewEditor'
[2022-04-25 01:29:11.338] [exthost] [info] extension host terminating: renderer closed the socket
[2022-04-25 01:29:11.585] [exthost] [error] TypeError: Converting circular structure to JSON
    --> starting at object with constructor 't'
    |     property '_readableState' -> object with constructor 'M'
    |     property 'pipes' -> object with constructor 'Array'
    |     index 0 -> object with constructor 't.ConsoleForElectron'
    --- property 'parent' closes the circle
    at JSON.stringify (<anonymous>)
    at async (/home/zanciks/.vscode-oss/extensions/vscodevim.vim-1.22.2/src/register/register.ts:357:16)
    at Object.e.deactivate (/home/zanciks/.vscode-oss/extensions/vscodevim.vim-1.22.2/extension.ts:64:8)
    at async Promise.all (index 10)
    at deactivateAll (/opt/vscodium-bin/resources/app/out/vs/workbench/api/node/extensionHostProcess.js:90:10255)
[2022-04-25 01:29:11.585] [exthost] [info] Extension host with pid 130298 exiting with code 0
