2023-11-29 19:40:46.617 [info] Getting Manifest... catppuccin.catppuccin-vsc
2023-11-29 19:40:46.622 [info] Getting Manifest... rust-lang.rust-analyzer
2023-11-29 19:40:48.029 [info] Installing extension: catppuccin.catppuccin-vsc
2023-11-29 19:40:48.337 [info] Installing extension: rust-lang.rust-analyzer
2023-11-29 19:40:49.253 [info] Extension signature verification is not done: catppuccin.catppuccin-vsc
2023-11-29 19:40:49.285 [info] Extracted extension to file:///home/zanciks/.vscode-oss/extensions/catppuccin.catppuccin-vsc-3.7.1-universal: catppuccin.catppuccin-vsc
2023-11-29 19:40:49.288 [info] Renamed to /home/zanciks/.vscode-oss/extensions/catppuccin.catppuccin-vsc-3.7.1-universal
2023-11-29 19:40:49.290 [info] Extracting extension completed. catppuccin.catppuccin-vsc
2023-11-29 19:40:49.299 [info] Extension installed successfully: catppuccin.catppuccin-vsc
2023-11-29 19:40:49.304 [info] Marked extension as uninstalled catppuccin.catppuccin-vsc-3.6.0-universal
2023-11-29 19:40:49.377 [error] [uncaught exception in sharedProcess]: Error: ENOENT: no such file or directory, stat '/home/zanciks/.vscode-oss/extensions/extensions.json.vsctmp': EntryNotFound (FileSystemError): Error: ENOENT: no such file or directory, stat '/home/zanciks/.vscode-oss/extensions/extensions.json.vsctmp'
    at r.create (/usr/lib/code/out/vs/code/node/sharedProcess/sharedProcessMain.js:51:30053)
    at a (/usr/lib/code/out/vs/code/node/sharedProcess/sharedProcessMain.js:51:30167)
    at s.fb (/usr/lib/code/out/vs/code/node/sharedProcess/sharedProcessMain.js:56:36175)
    at s.stat (/usr/lib/code/out/vs/code/node/sharedProcess/sharedProcessMain.js:56:28621)
    at async E.stat (/usr/lib/code/out/vs/code/node/sharedProcess/sharedProcessMain.js:56:15732)
    at async K.tb (/usr/lib/code/out/vs/code/node/sharedProcess/sharedProcessMain.js:109:9535)
2023-11-29 19:40:57.854 [info] Extension signature verification is not done: rust-lang.rust-analyzer
2023-11-29 19:40:58.402 [info] Extracted extension to file:///home/zanciks/.vscode-oss/extensions/rust-lang.rust-analyzer-0.3.1748-linux-x64: rust-lang.rust-analyzer
2023-11-29 19:40:58.409 [info] Renamed to /home/zanciks/.vscode-oss/extensions/rust-lang.rust-analyzer-0.3.1748-linux-x64
2023-11-29 19:40:58.411 [info] Extracting extension completed. rust-lang.rust-analyzer
2023-11-29 19:40:58.420 [info] Extension installed successfully: rust-lang.rust-analyzer
2023-11-29 19:40:58.425 [info] Marked extension as uninstalled rust-lang.rust-analyzer-0.3.1740-linux-x64
2023-11-29 19:40:58.494 [error] [uncaught exception in sharedProcess]: Error: ENOENT: no such file or directory, stat '/home/zanciks/.vscode-oss/extensions/extensions.json.vsctmp': EntryNotFound (FileSystemError): Error: ENOENT: no such file or directory, stat '/home/zanciks/.vscode-oss/extensions/extensions.json.vsctmp'
    at r.create (/usr/lib/code/out/vs/code/node/sharedProcess/sharedProcessMain.js:51:30053)
    at a (/usr/lib/code/out/vs/code/node/sharedProcess/sharedProcessMain.js:51:30167)
    at s.fb (/usr/lib/code/out/vs/code/node/sharedProcess/sharedProcessMain.js:56:36175)
    at s.stat (/usr/lib/code/out/vs/code/node/sharedProcess/sharedProcessMain.js:56:28621)
    at async E.stat (/usr/lib/code/out/vs/code/node/sharedProcess/sharedProcessMain.js:56:15732)
    at async K.tb (/usr/lib/code/out/vs/code/node/sharedProcess/sharedProcessMain.js:109:9535)
